==============================================================================
Suites                                                                        
==============================================================================
Suites.TC2                                                                    
==============================================================================
TestcaseAlertBox                                                        
  Traceback (most recent call last):
    ~~~~~~~~~~~~~~~~~~~~~~~~~~~~~~~~~~~~~~~~~~~~~~~~~~~~~~~~~~~~~~~~~~~~~~~~~~
    File  C:\Users\ABHISHEK\PycharmProjects\RobotAutomation\ParallelTests\TC2.robot:11
    T:  TestcaseAlertBox    
    ~~~~~~~~~~~~~~~~~~~~~~~~~~~~~~~~~~~~~~~~~~~~~~~~~~~~~~~~~~~~~~~~~~~~~~~~~~
    File  C:\Users\ABHISHEK\PycharmProjects\RobotAutomation\ParallelTests\TC2.robot:24
      Handle Alert    accept
______________________________________________________________________________
| FAIL |
Alert not found in 5 seconds.
------------------------------------------------------------------------------
Suites.TC2                                                            | FAIL |
1 test, 0 passed, 1 failed
==============================================================================
Suites                                                                | FAIL |
1 test, 0 passed, 1 failed
==============================================================================
Output:  C:\Users\ABHISHEK\PycharmProjects\RobotAutomation\Results\pabot_results\1\output.xml
